<?xml version="1.0" encoding="UTF-8"?>
<!-- Generated by org.testng.reporters.JUnitReportReporter -->
<testsuite hostname="Parijat-HP-Spectre" failures="0" tests="1" name="com.simplilearn.workshop.ICINmain.PositiveTests" time="15.563" errors="0" timestamp="02 Nov 2021 04:32:32 GMT" skipped="0">
  <testcase classname="com.simplilearn.workshop.ICINmain.PositiveTests" name="positiveTest" time="15.563"/>
</testsuite> <!-- com.simplilearn.workshop.ICINmain.PositiveTests -->
