<?xml version="1.0" encoding="UTF-8"?>
<!-- Generated by org.testng.reporters.JUnitReportReporter -->
<testsuite hostname="Parijat-HP-Spectre" failures="0" tests="1" name="com.simplilearn.workshop.ICINAdmin.NegativeTests" time="8.932" errors="0" timestamp="03 Nov 2021 05:25:05 GMT" skipped="0">
  <testcase classname="com.simplilearn.workshop.ICINAdmin.NegativeTests" name="negativeTest" time="8.932"/>
</testsuite> <!-- com.simplilearn.workshop.ICINAdmin.NegativeTests -->
