<?xml version="1.0" encoding="UTF-8"?>
<!-- Generated by org.testng.reporters.JUnitReportReporter -->
<testsuite hostname="Parijat-HP-Spectre" failures="0" tests="2" name="com.simplilearn.workshop.ICINmain.NegativeTests" time="22.277" errors="0" timestamp="03 Nov 2021 04:03:35 GMT" skipped="0">
  <testcase classname="com.simplilearn.workshop.ICINmain.NegativeTests" name="transferTest" time="12.935"/>
  <testcase classname="com.simplilearn.workshop.ICINmain.NegativeTests" name="loginTest" time="9.342"/>
</testsuite> <!-- com.simplilearn.workshop.ICINmain.NegativeTests -->
