<?xml version="1.0" encoding="UTF-8"?>
<!-- Generated by org.testng.reporters.JUnitReportReporter -->
<testsuite hostname="Parijat-HP-Spectre" failures="0" tests="1" name="com.simplilearn.workshop.ICINmain.PositiveTests" time="19.332" errors="0" timestamp="03 Nov 2021 02:57:40 GMT" skipped="0">
  <testcase classname="com.simplilearn.workshop.ICINmain.PositiveTests" name="positiveTest" time="19.332"/>
</testsuite> <!-- com.simplilearn.workshop.ICINmain.PositiveTests -->
