<?xml version="1.0" encoding="UTF-8"?>
<!-- Generated by org.testng.reporters.JUnitReportReporter -->
<testsuite hostname="Parijat-HP-Spectre" failures="0" tests="1" name="com.simplilearn.workshop.PositiveTests" time="11.312" errors="0" timestamp="02 Nov 2021 02:18:18 GMT" skipped="0">
  <testcase classname="com.simplilearn.workshop.PositiveTests" name="loginTest" time="11.312"/>
</testsuite> <!-- com.simplilearn.workshop.PositiveTests -->
