<?xml version="1.0" encoding="UTF-8"?>
<!-- Generated by org.testng.reporters.JUnitReportReporter -->
<testsuite hostname="Parijat-HP-Spectre" failures="0" tests="1" name="com.simplilearn.workshop.ICINAdmin.PositiveTests" time="11.014" errors="0" timestamp="03 Nov 2021 05:06:22 GMT" skipped="0">
  <testcase classname="com.simplilearn.workshop.ICINAdmin.PositiveTests" name="positiveTest" time="11.014"/>
</testsuite> <!-- com.simplilearn.workshop.ICINAdmin.PositiveTests -->
